<?xml version="1.0" encoding="UTF-8"?>
<robot generator="Robot 5.0.1 (Python 3.9.13 on win32)" generated="20230521 23:31:25.583" rpa="true" schemaversion="3">
<suite id="s1" name="Tasks" source="c:\Users\victo\OneDrive\Documentos\python\desafio_prime\my-robot\tasks.robot">
<test id="s1-t1" name="Minimal task" line="6">
<kw name="Log" library="BuiltIn">
<arg>Done.</arg>
<doc>Logs the given message with the given level.</doc>
<msg timestamp="20230521 23:31:25.704" level="INFO">Done.</msg>
<status status="PASS" starttime="20230521 23:31:25.700" endtime="20230521 23:31:25.707"/>
</kw>
<status status="PASS" starttime="20230521 23:31:25.696" endtime="20230521 23:31:25.708"/>
</test>
<doc>Template robot main suite.</doc>
<status status="PASS" starttime="20230521 23:31:25.600" endtime="20230521 23:31:25.712"/>
</suite>
<statistics>
<total>
<stat pass="1" fail="0" skip="0">All Tasks</stat>
</total>
<tag>
</tag>
<suite>
<stat pass="1" fail="0" skip="0" id="s1" name="Tasks">Tasks</stat>
</suite>
</statistics>
<errors>
</errors>
</robot>
